  client.cpp
C:\Users\최주은\Desktop\게임서버\2018184037_termpj\servertermp-main\servertermp-main\2021_Servertermp_Client\client_sample\client.cpp(243,3): warning C4996: 'strcpy': This function or variable may be unsafe. Consider using strcpy_s instead. To disable deprecation, use _CRT_SECURE_NO_WARNINGS. See online help for details.
C:\Users\최주은\Desktop\게임서버\2018184037_termpj\servertermp-main\servertermp-main\2021_Servertermp_Client\client_sample\client.cpp(247,3): warning C4996: 'sprintf': This function or variable may be unsafe. Consider using sprintf_s instead. To disable deprecation, use _CRT_SECURE_NO_WARNINGS. See online help for details.
C:\Users\최주은\Desktop\게임서버\2018184037_termpj\servertermp-main\servertermp-main\2021_Servertermp_Client\client_sample\client.cpp(250,3): warning C4996: 'sprintf': This function or variable may be unsafe. Consider using sprintf_s instead. To disable deprecation, use _CRT_SECURE_NO_WARNINGS. See online help for details.
C:\Users\최주은\Desktop\게임서버\2018184037_termpj\servertermp-main\servertermp-main\2021_Servertermp_Client\client_sample\client.cpp(324,4): warning C4996: 'sprintf': This function or variable may be unsafe. Consider using sprintf_s instead. To disable deprecation, use _CRT_SECURE_NO_WARNINGS. See online help for details.
C:\Users\최주은\Desktop\게임서버\2018184037_termpj\servertermp-main\servertermp-main\2021_Servertermp_Client\client_sample\client.cpp(327,4): warning C4996: 'sprintf': This function or variable may be unsafe. Consider using sprintf_s instead. To disable deprecation, use _CRT_SECURE_NO_WARNINGS. See online help for details.
C:\Users\최주은\Desktop\게임서버\2018184037_termpj\servertermp-main\servertermp-main\2021_Servertermp_Client\client_sample\client.cpp(350,4): warning C4996: 'sprintf': This function or variable may be unsafe. Consider using sprintf_s instead. To disable deprecation, use _CRT_SECURE_NO_WARNINGS. See online help for details.
C:\Users\최주은\Desktop\게임서버\2018184037_termpj\servertermp-main\servertermp-main\2021_Servertermp_Client\client_sample\client.cpp(353,4): warning C4996: 'sprintf': This function or variable may be unsafe. Consider using sprintf_s instead. To disable deprecation, use _CRT_SECURE_NO_WARNINGS. See online help for details.
C:\Users\최주은\Desktop\게임서버\2018184037_termpj\servertermp-main\servertermp-main\2021_Servertermp_Client\client_sample\client.cpp(396,4): warning C4996: 'sprintf': This function or variable may be unsafe. Consider using sprintf_s instead. To disable deprecation, use _CRT_SECURE_NO_WARNINGS. See online help for details.
C:\Users\최주은\Desktop\게임서버\2018184037_termpj\servertermp-main\servertermp-main\2021_Servertermp_Client\client_sample\client.cpp(399,4): warning C4996: 'sprintf': This function or variable may be unsafe. Consider using sprintf_s instead. To disable deprecation, use _CRT_SECURE_NO_WARNINGS. See online help for details.
C:\Users\최주은\Desktop\게임서버\2018184037_termpj\servertermp-main\servertermp-main\2021_Servertermp_Client\client_sample\client.cpp(410,4): warning C4996: 'sprintf': This function or variable may be unsafe. Consider using sprintf_s instead. To disable deprecation, use _CRT_SECURE_NO_WARNINGS. See online help for details.
C:\Users\최주은\Desktop\게임서버\2018184037_termpj\servertermp-main\servertermp-main\2021_Servertermp_Client\client_sample\client.cpp(413,4): warning C4996: 'sprintf': This function or variable may be unsafe. Consider using sprintf_s instead. To disable deprecation, use _CRT_SECURE_NO_WARNINGS. See online help for details.
C:\Users\최주은\Desktop\게임서버\2018184037_termpj\servertermp-main\servertermp-main\2021_Servertermp_Client\client_sample\client.cpp(425,4): warning C4996: 'sprintf': This function or variable may be unsafe. Consider using sprintf_s instead. To disable deprecation, use _CRT_SECURE_NO_WARNINGS. See online help for details.
C:\Users\최주은\Desktop\게임서버\2018184037_termpj\servertermp-main\servertermp-main\2021_Servertermp_Client\client_sample\client.cpp(428,4): warning C4996: 'sprintf': This function or variable may be unsafe. Consider using sprintf_s instead. To disable deprecation, use _CRT_SECURE_NO_WARNINGS. See online help for details.
C:\Users\최주은\Desktop\게임서버\2018184037_termpj\servertermp-main\servertermp-main\2021_Servertermp_Client\client_sample\client.cpp(475,2): warning C4996: 'strcpy': This function or variable may be unsafe. Consider using strcpy_s instead. To disable deprecation, use _CRT_SECURE_NO_WARNINGS. See online help for details.
C:\Users\최주은\Desktop\게임서버\2018184037_termpj\servertermp-main\servertermp-main\2021_Servertermp_Client\client_sample\client.cpp(526,30): warning C4244: '인수': 'int'에서 'float'(으)로 변환하면서 데이터가 손실될 수 있습니다.
C:\Users\최주은\Desktop\게임서버\2018184037_termpj\servertermp-main\servertermp-main\2021_Servertermp_Client\client_sample\client.cpp(696,22): warning C4473: 'fscanf_s': 서식 문자열에 대한 인수가 충분하게 전달되지 않았습니다.
C:\Users\최주은\Desktop\게임서버\2018184037_termpj\servertermp-main\servertermp-main\2021_Servertermp_Client\client_sample\client.cpp(696,22): message : 자리 표시자 및 해당 매개 변수에는 variadic 인수가 2개 필요하지만 1개가 제공되었습니다.
C:\Users\최주은\Desktop\게임서버\2018184037_termpj\servertermp-main\servertermp-main\2021_Servertermp_Client\client_sample\client.cpp(696,22): message : 누락된 variadic 인수 2이(가) 서식 문자열 '%c'에 필요합니다.
C:\Users\최주은\Desktop\게임서버\2018184037_termpj\servertermp-main\servertermp-main\2021_Servertermp_Client\client_sample\client.cpp(696,22): message : 이 인수는 버퍼 크기로 사용됩니다.
C:\Users\최주은\Desktop\게임서버\2018184037_termpj\servertermp-main\servertermp-main\2021_Servertermp_Client\client_sample\client.cpp(690,13): warning C4996: 'fopen': This function or variable may be unsafe. Consider using fopen_s instead. To disable deprecation, use _CRT_SECURE_NO_WARNINGS. See online help for details.
  client_sample.vcxproj -> C:\Users\최주은\Desktop\게임서버\2018184037_termpj\servertermp-main\servertermp-main\2021_Servertermp_Client\x64\Debug\client_sample.exe
